2017-02-17T13:19:19+00:00 ERR (3): Notice: Undefined index: Mage_adminhtml  in /var/www/121ecommmerce/training1/app/code/core/Mage/Core/Model/Config.php on line 854
2017-02-17T13:19:19+00:00 ERR (3): Warning: array_merge(): Argument #2 is not an array  in /var/www/121ecommmerce/training1/app/code/core/Mage/Core/Model/Config.php on line 854
2017-02-17T13:19:19+00:00 ERR (3): Warning: Invalid argument supplied for foreach()  in /var/www/121ecommmerce/training1/app/code/core/Mage/Core/Model/Config.php on line 873
2017-02-17T13:19:19+00:00 ERR (3): Notice: Undefined index: Mage_adminhtml  in /var/www/121ecommmerce/training1/app/code/core/Mage/Core/Model/Config.php on line 854
2017-02-17T13:19:19+00:00 ERR (3): Warning: array_merge(): Argument #2 is not an array  in /var/www/121ecommmerce/training1/app/code/core/Mage/Core/Model/Config.php on line 854
2017-02-17T13:19:19+00:00 ERR (3): Warning: Invalid argument supplied for foreach()  in /var/www/121ecommmerce/training1/app/code/core/Mage/Core/Model/Config.php on line 873
2017-02-20T14:04:40+00:00 DEBUG (7): HEADERS ALREADY SENT: <pre>[0] /var/www/121ecommmerce/training1/app/code/core/Mage/Core/Controller/Response/Http.php:52
[1] /var/www/121ecommmerce/training1/lib/Zend/Controller/Response/Abstract.php:768
[2] /var/www/121ecommmerce/training1/app/code/core/Mage/Core/Controller/Response/Http.php:84
[3] /var/www/121ecommmerce/training1/app/code/core/Mage/Core/Controller/Varien/Front.php:184
[4] /var/www/121ecommmerce/training1/app/code/core/Mage/Core/Model/App.php:365
[5] /var/www/121ecommmerce/training1/app/Mage.php:684
[6] /var/www/121ecommmerce/training1/index.php:83
</pre>
2017-02-20T14:05:44+00:00 DEBUG (7): HEADERS ALREADY SENT: <pre>[0] /var/www/121ecommmerce/training1/app/code/core/Mage/Core/Controller/Response/Http.php:52
[1] /var/www/121ecommmerce/training1/lib/Zend/Controller/Response/Abstract.php:768
[2] /var/www/121ecommmerce/training1/app/code/core/Mage/Core/Controller/Response/Http.php:84
[3] /var/www/121ecommmerce/training1/app/code/core/Mage/Core/Controller/Varien/Front.php:184
[4] /var/www/121ecommmerce/training1/app/code/core/Mage/Core/Model/App.php:365
[5] /var/www/121ecommmerce/training1/app/Mage.php:684
[6] /var/www/121ecommmerce/training1/index.php:83
</pre>
2017-02-20T14:06:28+00:00 DEBUG (7): HEADERS ALREADY SENT: <pre>[0] /var/www/121ecommmerce/training1/app/code/core/Mage/Core/Controller/Response/Http.php:52
[1] /var/www/121ecommmerce/training1/lib/Zend/Controller/Response/Abstract.php:768
[2] /var/www/121ecommmerce/training1/app/code/core/Mage/Core/Controller/Response/Http.php:84
[3] /var/www/121ecommmerce/training1/app/code/core/Mage/Core/Controller/Varien/Front.php:184
[4] /var/www/121ecommmerce/training1/app/code/core/Mage/Core/Model/App.php:365
[5] /var/www/121ecommmerce/training1/app/Mage.php:684
[6] /var/www/121ecommmerce/training1/index.php:83
</pre>
2017-02-20T15:51:52+00:00 DEBUG (7): HEADERS ALREADY SENT: <pre>[0] /var/www/121ecommmerce/training1/app/code/core/Mage/Core/Controller/Response/Http.php:52
[1] /var/www/121ecommmerce/training1/lib/Zend/Controller/Response/Abstract.php:768
[2] /var/www/121ecommmerce/training1/app/code/core/Mage/Core/Controller/Response/Http.php:84
[3] /var/www/121ecommmerce/training1/app/code/core/Mage/Core/Controller/Varien/Front.php:184
[4] /var/www/121ecommmerce/training1/app/code/core/Mage/Core/Model/App.php:365
[5] /var/www/121ecommmerce/training1/app/Mage.php:684
[6] /var/www/121ecommmerce/training1/index.php:83
</pre>
2017-02-20T17:05:21+00:00 DEBUG (7): HEADERS ALREADY SENT: <pre>[0] /var/www/121ecommmerce/training1/app/code/core/Mage/Core/Controller/Response/Http.php:52
[1] /var/www/121ecommmerce/training1/lib/Zend/Controller/Response/Abstract.php:768
[2] /var/www/121ecommmerce/training1/app/code/core/Mage/Core/Controller/Response/Http.php:84
[3] /var/www/121ecommmerce/training1/app/code/core/Mage/Core/Controller/Varien/Front.php:184
[4] /var/www/121ecommmerce/training1/app/code/core/Mage/Core/Model/App.php:365
[5] /var/www/121ecommmerce/training1/app/Mage.php:684
[6] /var/www/121ecommmerce/training1/index.php:83
</pre>
2017-02-20T17:06:59+00:00 DEBUG (7): HEADERS ALREADY SENT: <pre>[0] /var/www/121ecommmerce/training1/app/code/core/Mage/Core/Controller/Response/Http.php:52
[1] /var/www/121ecommmerce/training1/lib/Zend/Controller/Response/Abstract.php:768
[2] /var/www/121ecommmerce/training1/app/code/core/Mage/Core/Controller/Response/Http.php:84
[3] /var/www/121ecommmerce/training1/app/code/core/Mage/Core/Controller/Varien/Front.php:184
[4] /var/www/121ecommmerce/training1/app/code/core/Mage/Core/Model/App.php:365
[5] /var/www/121ecommmerce/training1/app/Mage.php:684
[6] /var/www/121ecommmerce/training1/index.php:83
</pre>
2017-02-20T18:08:47+00:00 DEBUG (7): Security problem: filterproducts/featured_home_list has not been whitelisted.
2017-02-20T18:08:47+00:00 DEBUG (7): Security problem: filterproducts/newproduct_home_list has not been whitelisted.
2017-02-20T18:08:47+00:00 DEBUG (7): Security problem: filterproducts/bestsellers_home_list has not been whitelisted.
2017-02-20T18:08:47+00:00 DEBUG (7): Security problem: filterproducts/sale_home_list has not been whitelisted.
2017-02-20T18:09:11+00:00 DEBUG (7): Security problem: filterproducts/featured_home_list has not been whitelisted.
2017-02-20T18:09:11+00:00 DEBUG (7): Security problem: filterproducts/latest_home_list has not been whitelisted.
2017-02-20T18:09:11+00:00 DEBUG (7): Security problem: filterproducts/featured_home_list has not been whitelisted.
2017-02-20T18:09:11+00:00 DEBUG (7): Security problem: filterproducts/newproduct_home_list has not been whitelisted.
2017-02-20T18:09:11+00:00 DEBUG (7): Security problem: filterproducts/bestsellers_home_list has not been whitelisted.
2017-02-20T18:09:11+00:00 DEBUG (7): Security problem: filterproducts/sale_home_list has not been whitelisted.
2017-02-20T18:09:27+00:00 DEBUG (7): Security problem: filterproducts/featured_home_list has not been whitelisted.
2017-02-20T18:09:27+00:00 DEBUG (7): Security problem: filterproducts/latest_home_list has not been whitelisted.
2017-02-20T18:09:27+00:00 DEBUG (7): Security problem: filterproducts/featured_home_list has not been whitelisted.
2017-02-20T18:09:27+00:00 DEBUG (7): Security problem: filterproducts/newproduct_home_list has not been whitelisted.
2017-02-20T18:09:27+00:00 DEBUG (7): Security problem: filterproducts/bestsellers_home_list has not been whitelisted.
2017-02-20T18:09:27+00:00 DEBUG (7): Security problem: filterproducts/sale_home_list has not been whitelisted.
2017-02-20T18:09:52+00:00 DEBUG (7): Security problem: filterproducts/featured_home_list has not been whitelisted.
2017-02-20T18:09:52+00:00 DEBUG (7): Security problem: filterproducts/latest_home_list has not been whitelisted.
2017-02-20T18:09:52+00:00 DEBUG (7): Security problem: filterproducts/featured_home_list has not been whitelisted.
2017-02-20T18:09:52+00:00 DEBUG (7): Security problem: filterproducts/newproduct_home_list has not been whitelisted.
2017-02-20T18:09:52+00:00 DEBUG (7): Security problem: filterproducts/bestsellers_home_list has not been whitelisted.
2017-02-20T18:09:52+00:00 DEBUG (7): Security problem: filterproducts/sale_home_list has not been whitelisted.
2017-02-20T18:15:48+00:00 DEBUG (7): Security problem: filterproducts/featured_home_list has not been whitelisted.
2017-02-20T18:15:48+00:00 DEBUG (7): Security problem: filterproducts/latest_home_list has not been whitelisted.
2017-02-20T18:15:48+00:00 DEBUG (7): Security problem: filterproducts/featured_home_list has not been whitelisted.
2017-02-20T18:15:48+00:00 DEBUG (7): Security problem: filterproducts/newproduct_home_list has not been whitelisted.
2017-02-20T18:15:48+00:00 DEBUG (7): Security problem: filterproducts/bestsellers_home_list has not been whitelisted.
2017-02-20T18:15:48+00:00 DEBUG (7): Security problem: filterproducts/sale_home_list has not been whitelisted.
2017-02-20T18:16:23+00:00 DEBUG (7): Security problem: filterproducts/featured_home_list has not been whitelisted.
2017-02-20T18:16:23+00:00 DEBUG (7): Security problem: filterproducts/latest_home_list has not been whitelisted.
2017-02-20T18:16:23+00:00 DEBUG (7): Security problem: filterproducts/featured_home_list has not been whitelisted.
2017-02-20T18:16:23+00:00 DEBUG (7): Security problem: filterproducts/newproduct_home_list has not been whitelisted.
2017-02-20T18:16:23+00:00 DEBUG (7): Security problem: filterproducts/bestsellers_home_list has not been whitelisted.
2017-02-20T18:16:23+00:00 DEBUG (7): Security problem: filterproducts/sale_home_list has not been whitelisted.
2017-02-20T18:17:21+00:00 DEBUG (7): Security problem: filterproducts/featured_home_list has not been whitelisted.
2017-02-20T18:17:21+00:00 DEBUG (7): Security problem: filterproducts/latest_home_list has not been whitelisted.
2017-02-20T18:17:21+00:00 DEBUG (7): Security problem: filterproducts/featured_home_list has not been whitelisted.
2017-02-20T18:17:21+00:00 DEBUG (7): Security problem: filterproducts/newproduct_home_list has not been whitelisted.
2017-02-20T18:17:21+00:00 DEBUG (7): Security problem: filterproducts/bestsellers_home_list has not been whitelisted.
2017-02-20T18:17:21+00:00 DEBUG (7): Security problem: filterproducts/sale_home_list has not been whitelisted.
2017-02-20T18:18:17+00:00 DEBUG (7): Security problem: filterproducts/featured_home_list has not been whitelisted.
2017-02-20T18:18:17+00:00 DEBUG (7): Security problem: filterproducts/latest_home_list has not been whitelisted.
2017-02-20T18:18:17+00:00 DEBUG (7): Security problem: filterproducts/featured_home_list has not been whitelisted.
2017-02-20T18:18:17+00:00 DEBUG (7): Security problem: filterproducts/newproduct_home_list has not been whitelisted.
2017-02-20T18:18:17+00:00 DEBUG (7): Security problem: filterproducts/bestsellers_home_list has not been whitelisted.
2017-02-20T18:18:17+00:00 DEBUG (7): Security problem: filterproducts/sale_home_list has not been whitelisted.
2017-02-20T18:35:38+00:00 DEBUG (7): Security problem: filterproducts/featured_home_list has not been whitelisted.
2017-02-20T18:35:38+00:00 DEBUG (7): Security problem: filterproducts/latest_home_list has not been whitelisted.
2017-02-20T18:35:38+00:00 DEBUG (7): Security problem: filterproducts/featured_home_list has not been whitelisted.
2017-02-20T18:35:38+00:00 DEBUG (7): Security problem: filterproducts/newproduct_home_list has not been whitelisted.
2017-02-20T18:35:38+00:00 DEBUG (7): Security problem: filterproducts/bestsellers_home_list has not been whitelisted.
2017-02-20T18:35:38+00:00 DEBUG (7): Security problem: filterproducts/sale_home_list has not been whitelisted.
2017-02-20T18:40:01+00:00 DEBUG (7): Security problem: filterproducts/featured_home_list has not been whitelisted.
2017-02-20T18:40:01+00:00 DEBUG (7): Security problem: filterproducts/latest_home_list has not been whitelisted.
2017-02-20T18:40:01+00:00 DEBUG (7): Security problem: filterproducts/featured_home_list has not been whitelisted.
2017-02-20T18:40:01+00:00 DEBUG (7): Security problem: filterproducts/newproduct_home_list has not been whitelisted.
2017-02-20T18:40:01+00:00 DEBUG (7): Security problem: filterproducts/bestsellers_home_list has not been whitelisted.
2017-02-20T18:40:01+00:00 DEBUG (7): Security problem: filterproducts/sale_home_list has not been whitelisted.
2017-02-20T18:41:05+00:00 DEBUG (7): Security problem: filterproducts/featured_home_list has not been whitelisted.
2017-02-20T18:41:05+00:00 DEBUG (7): Security problem: filterproducts/latest_home_list has not been whitelisted.
2017-02-20T18:41:05+00:00 DEBUG (7): Security problem: filterproducts/featured_home_list has not been whitelisted.
2017-02-20T18:41:05+00:00 DEBUG (7): Security problem: filterproducts/newproduct_home_list has not been whitelisted.
2017-02-20T18:41:05+00:00 DEBUG (7): Security problem: filterproducts/bestsellers_home_list has not been whitelisted.
2017-02-20T18:41:05+00:00 DEBUG (7): Security problem: filterproducts/sale_home_list has not been whitelisted.
2017-02-20T18:42:25+00:00 DEBUG (7): Security problem: filterproducts/featured_home_list has not been whitelisted.
2017-02-20T18:42:25+00:00 DEBUG (7): Security problem: filterproducts/latest_home_list has not been whitelisted.
2017-02-20T18:42:25+00:00 DEBUG (7): Security problem: filterproducts/featured_home_list has not been whitelisted.
2017-02-20T18:42:25+00:00 DEBUG (7): Security problem: filterproducts/newproduct_home_list has not been whitelisted.
2017-02-20T18:42:25+00:00 DEBUG (7): Security problem: filterproducts/bestsellers_home_list has not been whitelisted.
2017-02-20T18:42:25+00:00 DEBUG (7): Security problem: filterproducts/sale_home_list has not been whitelisted.
2017-02-20T18:42:30+00:00 DEBUG (7): Security problem: filterproducts/featured_home_list has not been whitelisted.
2017-02-20T18:45:35+00:00 DEBUG (7): Security problem: filterproducts/featured_home_list has not been whitelisted.
2017-02-20T18:45:43+00:00 DEBUG (7): Security problem: filterproducts/featured_home_list has not been whitelisted.
2017-02-20T18:45:48+00:00 DEBUG (7): Security problem: filterproducts/featured_home_list has not been whitelisted.
2017-02-20T18:45:48+00:00 DEBUG (7): Security problem: filterproducts/latest_home_list has not been whitelisted.
2017-02-20T18:45:48+00:00 DEBUG (7): Security problem: filterproducts/featured_home_list has not been whitelisted.
2017-02-20T18:45:48+00:00 DEBUG (7): Security problem: filterproducts/newproduct_home_list has not been whitelisted.
2017-02-20T18:45:48+00:00 DEBUG (7): Security problem: filterproducts/bestsellers_home_list has not been whitelisted.
2017-02-20T18:45:48+00:00 DEBUG (7): Security problem: filterproducts/sale_home_list has not been whitelisted.
2017-02-20T18:46:41+00:00 DEBUG (7): Security problem: filterproducts/featured_home_list has not been whitelisted.
2017-02-20T18:46:41+00:00 DEBUG (7): Security problem: filterproducts/latest_home_list has not been whitelisted.
2017-02-20T18:46:41+00:00 DEBUG (7): Security problem: filterproducts/featured_home_list has not been whitelisted.
2017-02-20T18:46:41+00:00 DEBUG (7): Security problem: filterproducts/newproduct_home_list has not been whitelisted.
2017-02-20T18:46:41+00:00 DEBUG (7): Security problem: filterproducts/bestsellers_home_list has not been whitelisted.
2017-02-20T18:46:41+00:00 DEBUG (7): Security problem: filterproducts/sale_home_list has not been whitelisted.
2017-02-20T18:46:46+00:00 DEBUG (7): Security problem: filterproducts/featured_home_list has not been whitelisted.
2017-02-20T18:47:37+00:00 DEBUG (7): Security problem: filterproducts/featured_home_list has not been whitelisted.
2017-02-20T18:47:41+00:00 DEBUG (7): Security problem: filterproducts/featured_home_list has not been whitelisted.
2017-02-20T18:47:42+00:00 DEBUG (7): Security problem: filterproducts/featured_home_list has not been whitelisted.
2017-02-20T18:47:43+00:00 DEBUG (7): Security problem: filterproducts/featured_home_list has not been whitelisted.
2017-02-21T20:33:40+00:00 DEBUG (7): Security problem: filterproducts/featured_home_list has not been whitelisted.
2017-02-21T20:33:40+00:00 DEBUG (7): Security problem: filterproducts/latest_home_list has not been whitelisted.
2017-02-21T20:33:40+00:00 DEBUG (7): Security problem: filterproducts/featured_home_list has not been whitelisted.
2017-02-21T20:33:40+00:00 DEBUG (7): Security problem: filterproducts/newproduct_home_list has not been whitelisted.
2017-02-21T20:33:40+00:00 DEBUG (7): Security problem: filterproducts/bestsellers_home_list has not been whitelisted.
2017-02-21T20:33:40+00:00 DEBUG (7): Security problem: filterproducts/sale_home_list has not been whitelisted.
2017-02-21T20:33:53+00:00 DEBUG (7): Security problem: filterproducts/featured_home_list has not been whitelisted.
2017-02-21T20:33:58+00:00 DEBUG (7): Security problem: filterproducts/featured_home_list has not been whitelisted.
2017-02-21T20:33:58+00:00 DEBUG (7): Security problem: filterproducts/latest_home_list has not been whitelisted.
2017-02-21T20:33:58+00:00 DEBUG (7): Security problem: filterproducts/featured_home_list has not been whitelisted.
2017-02-21T20:33:58+00:00 DEBUG (7): Security problem: filterproducts/newproduct_home_list has not been whitelisted.
2017-02-21T20:33:58+00:00 DEBUG (7): Security problem: filterproducts/bestsellers_home_list has not been whitelisted.
2017-02-21T20:33:58+00:00 DEBUG (7): Security problem: filterproducts/sale_home_list has not been whitelisted.
2017-02-21T20:39:25+00:00 DEBUG (7): Security problem: filterproducts/featured_home_list has not been whitelisted.
2017-02-21T20:39:25+00:00 DEBUG (7): Security problem: filterproducts/latest_home_list has not been whitelisted.
2017-02-21T20:39:25+00:00 DEBUG (7): Security problem: filterproducts/featured_home_list has not been whitelisted.
2017-02-21T20:39:25+00:00 DEBUG (7): Security problem: filterproducts/newproduct_home_list has not been whitelisted.
2017-02-21T20:39:25+00:00 DEBUG (7): Security problem: filterproducts/bestsellers_home_list has not been whitelisted.
2017-02-21T20:39:25+00:00 DEBUG (7): Security problem: filterproducts/sale_home_list has not been whitelisted.
2017-02-21T22:58:15+00:00 DEBUG (7): Security problem: filterproducts/featured_home_list has not been whitelisted.
2017-02-22T00:25:21+00:00 DEBUG (7): Security problem: filterproducts/featured_home_list has not been whitelisted.
2017-02-22T00:25:21+00:00 DEBUG (7): Security problem: filterproducts/latest_home_list has not been whitelisted.
2017-02-22T00:25:21+00:00 DEBUG (7): Security problem: filterproducts/featured_home_list has not been whitelisted.
2017-02-22T00:25:21+00:00 DEBUG (7): Security problem: filterproducts/newproduct_home_list has not been whitelisted.
2017-02-22T00:25:21+00:00 DEBUG (7): Security problem: filterproducts/bestsellers_home_list has not been whitelisted.
2017-02-22T00:25:21+00:00 DEBUG (7): Security problem: filterproducts/sale_home_list has not been whitelisted.
2017-02-22T00:27:00+00:00 DEBUG (7): Security problem: filterproducts/featured_home_list has not been whitelisted.
2017-02-25T23:22:46+00:00 DEBUG (7): Security problem: filterproducts/featured_home_list has not been whitelisted.
2017-02-25T23:22:46+00:00 DEBUG (7): Security problem: filterproducts/latest_home_list has not been whitelisted.
2017-02-25T23:22:46+00:00 DEBUG (7): Security problem: filterproducts/featured_home_list has not been whitelisted.
2017-02-25T23:22:46+00:00 DEBUG (7): Security problem: filterproducts/newproduct_home_list has not been whitelisted.
2017-02-25T23:22:46+00:00 DEBUG (7): Security problem: filterproducts/bestsellers_home_list has not been whitelisted.
2017-02-25T23:22:46+00:00 DEBUG (7): Security problem: filterproducts/sale_home_list has not been whitelisted.
2017-02-26T17:55:23+00:00 DEBUG (7): Security problem: filterproducts/featured_home_list has not been whitelisted.
2017-02-26T17:55:23+00:00 DEBUG (7): Security problem: filterproducts/latest_home_list has not been whitelisted.
2017-02-26T17:55:23+00:00 DEBUG (7): Security problem: filterproducts/featured_home_list has not been whitelisted.
2017-02-26T17:55:23+00:00 DEBUG (7): Security problem: filterproducts/newproduct_home_list has not been whitelisted.
2017-02-26T17:55:23+00:00 DEBUG (7): Security problem: filterproducts/bestsellers_home_list has not been whitelisted.
2017-02-26T17:55:23+00:00 DEBUG (7): Security problem: filterproducts/sale_home_list has not been whitelisted.
2017-02-26T18:02:42+00:00 DEBUG (7): Security problem: filterproducts/featured_home_list has not been whitelisted.
2017-02-26T18:02:42+00:00 DEBUG (7): Security problem: filterproducts/latest_home_list has not been whitelisted.
2017-02-26T18:02:42+00:00 DEBUG (7): Security problem: filterproducts/featured_home_list has not been whitelisted.
2017-02-26T18:02:42+00:00 DEBUG (7): Security problem: filterproducts/newproduct_home_list has not been whitelisted.
2017-02-26T18:02:42+00:00 DEBUG (7): Security problem: filterproducts/bestsellers_home_list has not been whitelisted.
2017-02-26T18:02:42+00:00 DEBUG (7): Security problem: filterproducts/sale_home_list has not been whitelisted.
2017-02-26T18:25:02+00:00 DEBUG (7): Security problem: filterproducts/featured_home_list has not been whitelisted.
2017-02-26T18:25:02+00:00 DEBUG (7): Security problem: filterproducts/latest_home_list has not been whitelisted.
2017-02-26T18:25:02+00:00 DEBUG (7): Security problem: filterproducts/featured_home_list has not been whitelisted.
2017-02-26T18:25:02+00:00 DEBUG (7): Security problem: filterproducts/newproduct_home_list has not been whitelisted.
2017-02-26T18:25:02+00:00 DEBUG (7): Security problem: filterproducts/bestsellers_home_list has not been whitelisted.
2017-02-26T18:25:02+00:00 DEBUG (7): Security problem: filterproducts/sale_home_list has not been whitelisted.
2017-02-26T18:26:02+00:00 DEBUG (7): Security problem: filterproducts/featured_home_list has not been whitelisted.
2017-02-26T18:26:02+00:00 DEBUG (7): Security problem: filterproducts/latest_home_list has not been whitelisted.
2017-02-26T18:26:02+00:00 DEBUG (7): Security problem: filterproducts/featured_home_list has not been whitelisted.
2017-02-26T18:26:02+00:00 DEBUG (7): Security problem: filterproducts/newproduct_home_list has not been whitelisted.
2017-02-26T18:26:02+00:00 DEBUG (7): Security problem: filterproducts/bestsellers_home_list has not been whitelisted.
2017-02-26T18:26:02+00:00 DEBUG (7): Security problem: filterproducts/sale_home_list has not been whitelisted.
2017-02-26T18:27:05+00:00 DEBUG (7): Security problem: filterproducts/featured_home_list has not been whitelisted.
2017-02-26T18:27:05+00:00 DEBUG (7): Security problem: filterproducts/latest_home_list has not been whitelisted.
2017-02-26T18:27:05+00:00 DEBUG (7): Security problem: filterproducts/featured_home_list has not been whitelisted.
2017-02-26T18:27:05+00:00 DEBUG (7): Security problem: filterproducts/newproduct_home_list has not been whitelisted.
2017-02-26T18:27:05+00:00 DEBUG (7): Security problem: filterproducts/bestsellers_home_list has not been whitelisted.
2017-02-26T18:27:05+00:00 DEBUG (7): Security problem: filterproducts/sale_home_list has not been whitelisted.
2017-02-26T18:42:47+00:00 DEBUG (7): Security problem: filterproducts/featured_home_list has not been whitelisted.
2017-02-26T18:42:47+00:00 DEBUG (7): Security problem: filterproducts/latest_home_list has not been whitelisted.
2017-02-26T18:42:47+00:00 DEBUG (7): Security problem: filterproducts/featured_home_list has not been whitelisted.
2017-02-26T18:42:47+00:00 DEBUG (7): Security problem: filterproducts/newproduct_home_list has not been whitelisted.
2017-02-26T18:42:47+00:00 DEBUG (7): Security problem: filterproducts/bestsellers_home_list has not been whitelisted.
2017-02-26T18:42:47+00:00 DEBUG (7): Security problem: filterproducts/sale_home_list has not been whitelisted.
2017-02-26T18:45:03+00:00 DEBUG (7): Security problem: filterproducts/featured_home_list has not been whitelisted.
2017-02-26T18:45:03+00:00 DEBUG (7): Security problem: filterproducts/latest_home_list has not been whitelisted.
2017-02-26T18:45:03+00:00 DEBUG (7): Security problem: filterproducts/featured_home_list has not been whitelisted.
2017-02-26T18:45:03+00:00 DEBUG (7): Security problem: filterproducts/newproduct_home_list has not been whitelisted.
2017-02-26T18:45:03+00:00 DEBUG (7): Security problem: filterproducts/bestsellers_home_list has not been whitelisted.
2017-02-26T18:45:03+00:00 DEBUG (7): Security problem: filterproducts/sale_home_list has not been whitelisted.
2017-02-26T18:46:22+00:00 DEBUG (7): Security problem: filterproducts/featured_home_list has not been whitelisted.
2017-02-26T18:46:22+00:00 DEBUG (7): Security problem: filterproducts/newproduct_home_list has not been whitelisted.
2017-02-26T18:46:22+00:00 DEBUG (7): Security problem: filterproducts/bestsellers_home_list has not been whitelisted.
2017-02-26T18:46:22+00:00 DEBUG (7): Security problem: filterproducts/sale_home_list has not been whitelisted.
2017-02-26T18:49:06+00:00 DEBUG (7): Security problem: filterproducts/featured_home_list has not been whitelisted.
2017-02-26T18:49:06+00:00 DEBUG (7): Security problem: filterproducts/newproduct_home_list has not been whitelisted.
2017-02-26T18:49:06+00:00 DEBUG (7): Security problem: filterproducts/bestsellers_home_list has not been whitelisted.
2017-02-26T18:49:06+00:00 DEBUG (7): Security problem: filterproducts/sale_home_list has not been whitelisted.
2017-02-26T18:50:19+00:00 DEBUG (7): Security problem: filterproducts/featured_home_list has not been whitelisted.
2017-02-26T18:50:19+00:00 DEBUG (7): Security problem: filterproducts/newproduct_home_list has not been whitelisted.
2017-02-26T18:50:19+00:00 DEBUG (7): Security problem: filterproducts/bestsellers_home_list has not been whitelisted.
2017-02-26T18:50:19+00:00 DEBUG (7): Security problem: filterproducts/sale_home_list has not been whitelisted.
2017-02-26T18:51:04+00:00 DEBUG (7): Security problem: filterproducts/featured_home_list has not been whitelisted.
2017-02-26T18:51:04+00:00 DEBUG (7): Security problem: filterproducts/newproduct_home_list has not been whitelisted.
2017-02-26T18:51:04+00:00 DEBUG (7): Security problem: filterproducts/bestsellers_home_list has not been whitelisted.
2017-02-26T18:51:04+00:00 DEBUG (7): Security problem: filterproducts/sale_home_list has not been whitelisted.
2017-02-26T20:10:47+00:00 DEBUG (7): Security problem: filterproducts/featured_home_list has not been whitelisted.
2017-02-26T20:10:47+00:00 DEBUG (7): Security problem: filterproducts/newproduct_home_list has not been whitelisted.
2017-02-26T20:10:47+00:00 DEBUG (7): Security problem: filterproducts/bestsellers_home_list has not been whitelisted.
2017-02-26T20:10:47+00:00 DEBUG (7): Security problem: filterproducts/sale_home_list has not been whitelisted.
2017-02-27T14:50:38+00:00 DEBUG (7): Security problem: filterproducts/featured_home_list has not been whitelisted.
2017-02-27T14:50:38+00:00 DEBUG (7): Security problem: filterproducts/newproduct_home_list has not been whitelisted.
2017-02-27T14:50:38+00:00 DEBUG (7): Security problem: filterproducts/bestsellers_home_list has not been whitelisted.
2017-02-27T14:50:38+00:00 DEBUG (7): Security problem: filterproducts/sale_home_list has not been whitelisted.
2017-02-27T14:52:13+00:00 DEBUG (7): Security problem: filterproducts/featured_home_list has not been whitelisted.
2017-02-27T14:52:13+00:00 DEBUG (7): Security problem: filterproducts/newproduct_home_list has not been whitelisted.
2017-02-27T14:52:13+00:00 DEBUG (7): Security problem: filterproducts/bestsellers_home_list has not been whitelisted.
2017-02-27T14:52:13+00:00 DEBUG (7): Security problem: filterproducts/sale_home_list has not been whitelisted.
2017-02-27T14:52:20+00:00 DEBUG (7): Security problem: filterproducts/featured_home_list has not been whitelisted.
2017-02-27T14:52:28+00:00 DEBUG (7): Security problem: filterproducts/featured_home_list has not been whitelisted.
2017-02-27T14:52:28+00:00 DEBUG (7): Security problem: filterproducts/newproduct_home_list has not been whitelisted.
2017-02-27T14:52:28+00:00 DEBUG (7): Security problem: filterproducts/bestsellers_home_list has not been whitelisted.
2017-02-27T14:52:28+00:00 DEBUG (7): Security problem: filterproducts/sale_home_list has not been whitelisted.
2017-02-27T14:58:58+00:00 DEBUG (7): Security problem: filterproducts/featured_home_list has not been whitelisted.
2017-02-27T14:58:58+00:00 DEBUG (7): Security problem: filterproducts/newproduct_home_list has not been whitelisted.
2017-02-27T14:58:58+00:00 DEBUG (7): Security problem: filterproducts/bestsellers_home_list has not been whitelisted.
2017-02-27T14:58:58+00:00 DEBUG (7): Security problem: filterproducts/sale_home_list has not been whitelisted.
2017-02-27T15:01:01+00:00 DEBUG (7): Security problem: filterproducts/featured_home_list has not been whitelisted.
2017-02-27T15:01:01+00:00 DEBUG (7): Security problem: filterproducts/newproduct_home_list has not been whitelisted.
2017-02-27T15:01:01+00:00 DEBUG (7): Security problem: filterproducts/bestsellers_home_list has not been whitelisted.
2017-02-27T15:01:01+00:00 DEBUG (7): Security problem: filterproducts/sale_home_list has not been whitelisted.
2017-02-27T15:02:40+00:00 DEBUG (7): Security problem: filterproducts/featured_home_list has not been whitelisted.
2017-02-27T15:02:40+00:00 DEBUG (7): Security problem: filterproducts/newproduct_home_list has not been whitelisted.
2017-02-27T15:02:40+00:00 DEBUG (7): Security problem: filterproducts/bestsellers_home_list has not been whitelisted.
2017-02-27T15:02:40+00:00 DEBUG (7): Security problem: filterproducts/sale_home_list has not been whitelisted.
2017-02-27T15:04:10+00:00 DEBUG (7): Security problem: filterproducts/featured_home_list has not been whitelisted.
2017-02-27T15:04:10+00:00 DEBUG (7): Security problem: filterproducts/newproduct_home_list has not been whitelisted.
2017-02-27T15:04:10+00:00 DEBUG (7): Security problem: filterproducts/bestsellers_home_list has not been whitelisted.
2017-02-27T15:04:10+00:00 DEBUG (7): Security problem: filterproducts/sale_home_list has not been whitelisted.
2017-02-27T15:06:42+00:00 DEBUG (7): Security problem: newsletter/subscribe has not been whitelisted.
2017-02-27T15:06:42+00:00 DEBUG (7): Security problem: filterproducts/featured_home_list has not been whitelisted.
2017-02-27T15:06:42+00:00 DEBUG (7): Security problem: filterproducts/newproduct_home_list has not been whitelisted.
2017-02-27T15:06:42+00:00 DEBUG (7): Security problem: filterproducts/bestsellers_home_list has not been whitelisted.
2017-02-27T15:06:42+00:00 DEBUG (7): Security problem: filterproducts/sale_home_list has not been whitelisted.
2017-02-27T15:07:27+00:00 DEBUG (7): Security problem: filterproducts/featured_home_list has not been whitelisted.
2017-02-27T15:07:27+00:00 DEBUG (7): Security problem: filterproducts/newproduct_home_list has not been whitelisted.
2017-02-27T15:07:27+00:00 DEBUG (7): Security problem: filterproducts/bestsellers_home_list has not been whitelisted.
2017-02-27T15:07:27+00:00 DEBUG (7): Security problem: filterproducts/sale_home_list has not been whitelisted.
2017-02-27T15:43:51+00:00 DEBUG (7): Security problem: filterproducts/featured_home_list has not been whitelisted.
2017-02-27T16:19:16+00:00 DEBUG (7): Security problem: filterproducts/featured_home_list has not been whitelisted.
2017-02-27T16:19:16+00:00 DEBUG (7): Security problem: filterproducts/newproduct_home_list has not been whitelisted.
2017-02-27T16:19:16+00:00 DEBUG (7): Security problem: filterproducts/bestsellers_home_list has not been whitelisted.
2017-02-27T16:19:16+00:00 DEBUG (7): Security problem: filterproducts/sale_home_list has not been whitelisted.
2017-02-27T16:19:58+00:00 DEBUG (7): Security problem: filterproducts/featured_home_list has not been whitelisted.
2017-02-27T16:19:58+00:00 DEBUG (7): Security problem: filterproducts/newproduct_home_list has not been whitelisted.
2017-02-27T16:19:58+00:00 DEBUG (7): Security problem: filterproducts/bestsellers_home_list has not been whitelisted.
2017-02-27T16:19:58+00:00 DEBUG (7): Security problem: filterproducts/sale_home_list has not been whitelisted.
2017-02-27T16:20:42+00:00 DEBUG (7): Security problem: filterproducts/featured_home_list has not been whitelisted.
2017-02-27T16:20:42+00:00 DEBUG (7): Security problem: filterproducts/newproduct_home_list has not been whitelisted.
2017-02-27T16:20:42+00:00 DEBUG (7): Security problem: filterproducts/bestsellers_home_list has not been whitelisted.
2017-02-27T16:20:42+00:00 DEBUG (7): Security problem: filterproducts/sale_home_list has not been whitelisted.
2017-02-27T16:21:05+00:00 DEBUG (7): Security problem: filterproducts/featured_home_list has not been whitelisted.
2017-02-27T16:21:14+00:00 DEBUG (7): Security problem: filterproducts/featured_home_list has not been whitelisted.
2017-02-27T16:47:56+00:00 DEBUG (7): Security problem: filterproducts/featured_home_list has not been whitelisted.
2017-02-27T16:47:56+00:00 DEBUG (7): Security problem: filterproducts/newproduct_home_list has not been whitelisted.
2017-02-27T16:47:56+00:00 DEBUG (7): Security problem: filterproducts/bestsellers_home_list has not been whitelisted.
2017-02-27T16:47:56+00:00 DEBUG (7): Security problem: filterproducts/sale_home_list has not been whitelisted.
2017-02-27T16:50:31+00:00 DEBUG (7): Security problem: filterproducts/featured_home_list has not been whitelisted.
2017-02-27T16:50:31+00:00 DEBUG (7): Security problem: filterproducts/newproduct_home_list has not been whitelisted.
2017-02-27T16:50:31+00:00 DEBUG (7): Security problem: filterproducts/bestsellers_home_list has not been whitelisted.
2017-02-27T16:50:31+00:00 DEBUG (7): Security problem: filterproducts/sale_home_list has not been whitelisted.
2017-02-27T16:52:54+00:00 DEBUG (7): Security problem: filterproducts/featured_home_list has not been whitelisted.
2017-02-27T16:56:33+00:00 DEBUG (7): Security problem: filterproducts/featured_home_list has not been whitelisted.
2017-02-27T16:56:33+00:00 DEBUG (7): Security problem: filterproducts/newproduct_home_list has not been whitelisted.
2017-02-27T16:56:33+00:00 DEBUG (7): Security problem: filterproducts/bestsellers_home_list has not been whitelisted.
2017-02-27T16:56:33+00:00 DEBUG (7): Security problem: filterproducts/sale_home_list has not been whitelisted.
2017-02-27T18:03:43+00:00 DEBUG (7): Security problem: filterproducts/featured_home_list has not been whitelisted.
2017-02-27T18:03:43+00:00 DEBUG (7): Security problem: filterproducts/newproduct_home_list has not been whitelisted.
2017-02-27T18:03:43+00:00 DEBUG (7): Security problem: filterproducts/bestsellers_home_list has not been whitelisted.
2017-02-27T18:03:43+00:00 DEBUG (7): Security problem: filterproducts/sale_home_list has not been whitelisted.
2017-02-27T18:05:18+00:00 DEBUG (7): Security problem: filterproducts/featured_home_list has not been whitelisted.
2017-02-27T18:07:41+00:00 DEBUG (7): Security problem: filterproducts/featured_home_list has not been whitelisted.
2017-02-27T18:07:41+00:00 DEBUG (7): Security problem: filterproducts/newproduct_home_list has not been whitelisted.
2017-02-27T18:07:41+00:00 DEBUG (7): Security problem: filterproducts/bestsellers_home_list has not been whitelisted.
2017-02-27T18:07:41+00:00 DEBUG (7): Security problem: filterproducts/sale_home_list has not been whitelisted.
2017-02-27T18:08:21+00:00 DEBUG (7): Security problem: filterproducts/featured_home_list has not been whitelisted.
2017-02-27T18:12:14+00:00 DEBUG (7): Security problem: filterproducts/featured_home_list has not been whitelisted.
2017-02-27T18:13:39+00:00 DEBUG (7): Security problem: filterproducts/featured_home_list has not been whitelisted.
2017-02-27T18:13:39+00:00 DEBUG (7): Security problem: filterproducts/newproduct_home_list has not been whitelisted.
2017-02-27T18:13:39+00:00 DEBUG (7): Security problem: filterproducts/bestsellers_home_list has not been whitelisted.
2017-02-27T18:13:39+00:00 DEBUG (7): Security problem: filterproducts/sale_home_list has not been whitelisted.
2017-02-27T18:17:19+00:00 DEBUG (7): Security problem: filterproducts/featured_home_list has not been whitelisted.
2017-02-27T18:17:19+00:00 DEBUG (7): Security problem: filterproducts/newproduct_home_list has not been whitelisted.
2017-02-27T18:17:19+00:00 DEBUG (7): Security problem: filterproducts/bestsellers_home_list has not been whitelisted.
2017-02-27T18:17:19+00:00 DEBUG (7): Security problem: filterproducts/sale_home_list has not been whitelisted.
2017-02-27T18:25:24+00:00 DEBUG (7): Security problem: filterproducts/featured_home_list has not been whitelisted.
2017-02-27T18:25:24+00:00 DEBUG (7): Security problem: filterproducts/newproduct_home_list has not been whitelisted.
2017-02-27T18:25:24+00:00 DEBUG (7): Security problem: filterproducts/bestsellers_home_list has not been whitelisted.
2017-02-27T18:25:24+00:00 DEBUG (7): Security problem: filterproducts/sale_home_list has not been whitelisted.
2017-02-27T18:26:44+00:00 DEBUG (7): Security problem: filterproducts/featured_home_list has not been whitelisted.
2017-02-27T18:26:44+00:00 DEBUG (7): Security problem: filterproducts/newproduct_home_list has not been whitelisted.
2017-02-27T18:26:44+00:00 DEBUG (7): Security problem: filterproducts/bestsellers_home_list has not been whitelisted.
2017-02-27T18:26:44+00:00 DEBUG (7): Security problem: filterproducts/sale_home_list has not been whitelisted.
2017-02-27T18:27:19+00:00 DEBUG (7): Security problem: filterproducts/featured_home_list has not been whitelisted.
2017-02-27T18:27:19+00:00 DEBUG (7): Security problem: filterproducts/newproduct_home_list has not been whitelisted.
2017-02-27T18:27:19+00:00 DEBUG (7): Security problem: filterproducts/bestsellers_home_list has not been whitelisted.
2017-02-27T18:27:19+00:00 DEBUG (7): Security problem: filterproducts/sale_home_list has not been whitelisted.
2017-02-27T18:27:53+00:00 DEBUG (7): Security problem: filterproducts/featured_home_list has not been whitelisted.
2017-02-27T18:30:30+00:00 DEBUG (7): Security problem: filterproducts/featured_home_list has not been whitelisted.
2017-02-27T18:30:30+00:00 DEBUG (7): Security problem: filterproducts/newproduct_home_list has not been whitelisted.
2017-02-27T18:30:30+00:00 DEBUG (7): Security problem: filterproducts/bestsellers_home_list has not been whitelisted.
2017-02-27T18:30:30+00:00 DEBUG (7): Security problem: filterproducts/sale_home_list has not been whitelisted.
2017-02-27T18:33:01+00:00 DEBUG (7): Security problem: filterproducts/featured_home_list has not been whitelisted.
2017-02-27T18:33:01+00:00 DEBUG (7): Security problem: filterproducts/newproduct_home_list has not been whitelisted.
2017-02-27T18:33:01+00:00 DEBUG (7): Security problem: filterproducts/bestsellers_home_list has not been whitelisted.
2017-02-27T18:33:01+00:00 DEBUG (7): Security problem: filterproducts/sale_home_list has not been whitelisted.
2017-02-27T18:33:23+00:00 DEBUG (7): Security problem: filterproducts/featured_home_list has not been whitelisted.
2017-02-27T18:33:23+00:00 DEBUG (7): Security problem: filterproducts/newproduct_home_list has not been whitelisted.
2017-02-27T18:33:23+00:00 DEBUG (7): Security problem: filterproducts/bestsellers_home_list has not been whitelisted.
2017-02-27T18:33:23+00:00 DEBUG (7): Security problem: filterproducts/sale_home_list has not been whitelisted.
2017-02-27T18:34:54+00:00 DEBUG (7): Security problem: filterproducts/featured_home_list has not been whitelisted.
2017-02-27T18:34:54+00:00 DEBUG (7): Security problem: filterproducts/newproduct_home_list has not been whitelisted.
2017-02-27T18:34:54+00:00 DEBUG (7): Security problem: filterproducts/bestsellers_home_list has not been whitelisted.
2017-02-27T18:34:54+00:00 DEBUG (7): Security problem: filterproducts/sale_home_list has not been whitelisted.
2017-02-27T18:35:03+00:00 DEBUG (7): Security problem: filterproducts/featured_home_list has not been whitelisted.
2017-02-27T18:35:03+00:00 DEBUG (7): Security problem: filterproducts/newproduct_home_list has not been whitelisted.
2017-02-27T18:35:03+00:00 DEBUG (7): Security problem: filterproducts/bestsellers_home_list has not been whitelisted.
2017-02-27T18:35:03+00:00 DEBUG (7): Security problem: filterproducts/sale_home_list has not been whitelisted.
2017-02-27T18:36:08+00:00 DEBUG (7): Security problem: filterproducts/featured_home_list has not been whitelisted.
2017-02-27T18:36:08+00:00 DEBUG (7): Security problem: filterproducts/newproduct_home_list has not been whitelisted.
2017-02-27T18:36:08+00:00 DEBUG (7): Security problem: filterproducts/bestsellers_home_list has not been whitelisted.
2017-02-27T18:36:08+00:00 DEBUG (7): Security problem: filterproducts/sale_home_list has not been whitelisted.
2017-02-27T18:37:08+00:00 DEBUG (7): Security problem: filterproducts/featured_home_list has not been whitelisted.
2017-02-27T18:37:08+00:00 DEBUG (7): Security problem: filterproducts/newproduct_home_list has not been whitelisted.
2017-02-27T18:37:08+00:00 DEBUG (7): Security problem: filterproducts/bestsellers_home_list has not been whitelisted.
2017-02-27T18:37:08+00:00 DEBUG (7): Security problem: filterproducts/sale_home_list has not been whitelisted.
2017-02-27T18:37:56+00:00 DEBUG (7): Security problem: filterproducts/featured_home_list has not been whitelisted.
2017-02-27T18:37:56+00:00 DEBUG (7): Security problem: filterproducts/newproduct_home_list has not been whitelisted.
2017-02-27T18:37:56+00:00 DEBUG (7): Security problem: filterproducts/bestsellers_home_list has not been whitelisted.
2017-02-27T18:37:56+00:00 DEBUG (7): Security problem: filterproducts/sale_home_list has not been whitelisted.
2017-02-27T18:38:39+00:00 DEBUG (7): Security problem: filterproducts/featured_home_list has not been whitelisted.
2017-02-27T18:38:39+00:00 DEBUG (7): Security problem: filterproducts/newproduct_home_list has not been whitelisted.
2017-02-27T18:38:39+00:00 DEBUG (7): Security problem: filterproducts/bestsellers_home_list has not been whitelisted.
2017-02-27T18:38:39+00:00 DEBUG (7): Security problem: filterproducts/sale_home_list has not been whitelisted.
2017-02-27T18:40:06+00:00 DEBUG (7): Security problem: filterproducts/featured_home_list has not been whitelisted.
2017-02-27T18:40:06+00:00 DEBUG (7): Security problem: filterproducts/newproduct_home_list has not been whitelisted.
2017-02-27T18:40:06+00:00 DEBUG (7): Security problem: filterproducts/bestsellers_home_list has not been whitelisted.
2017-02-27T18:40:06+00:00 DEBUG (7): Security problem: filterproducts/sale_home_list has not been whitelisted.
2017-02-27T18:42:16+00:00 DEBUG (7): Security problem: filterproducts/featured_home_list has not been whitelisted.
2017-02-27T18:42:16+00:00 DEBUG (7): Security problem: filterproducts/newproduct_home_list has not been whitelisted.
2017-02-27T18:42:16+00:00 DEBUG (7): Security problem: filterproducts/bestsellers_home_list has not been whitelisted.
2017-02-27T18:42:16+00:00 DEBUG (7): Security problem: filterproducts/sale_home_list has not been whitelisted.
2017-02-27T18:43:29+00:00 DEBUG (7): Security problem: filterproducts/featured_home_list has not been whitelisted.
2017-02-27T18:43:29+00:00 DEBUG (7): Security problem: filterproducts/newproduct_home_list has not been whitelisted.
2017-02-27T18:43:29+00:00 DEBUG (7): Security problem: filterproducts/bestsellers_home_list has not been whitelisted.
2017-02-27T18:43:29+00:00 DEBUG (7): Security problem: filterproducts/sale_home_list has not been whitelisted.
2017-02-27T19:22:33+00:00 DEBUG (7): Security problem: filterproducts/featured_home_list has not been whitelisted.
2017-02-27T19:22:33+00:00 DEBUG (7): Security problem: filterproducts/newproduct_home_list has not been whitelisted.
2017-02-27T19:22:33+00:00 DEBUG (7): Security problem: filterproducts/bestsellers_home_list has not been whitelisted.
2017-02-27T19:22:33+00:00 DEBUG (7): Security problem: filterproducts/sale_home_list has not been whitelisted.
2017-02-27T19:27:19+00:00 DEBUG (7): Security problem: filterproducts/featured_home_list has not been whitelisted.
2017-02-27T19:27:19+00:00 DEBUG (7): Security problem: filterproducts/newproduct_home_list has not been whitelisted.
2017-02-27T19:27:19+00:00 DEBUG (7): Security problem: filterproducts/bestsellers_home_list has not been whitelisted.
2017-02-27T19:27:19+00:00 DEBUG (7): Security problem: filterproducts/sale_home_list has not been whitelisted.
2017-02-27T19:28:40+00:00 DEBUG (7): Security problem: filterproducts/featured_home_list has not been whitelisted.
2017-02-27T19:28:40+00:00 DEBUG (7): Security problem: filterproducts/newproduct_home_list has not been whitelisted.
2017-02-27T19:28:40+00:00 DEBUG (7): Security problem: filterproducts/bestsellers_home_list has not been whitelisted.
2017-02-27T19:28:40+00:00 DEBUG (7): Security problem: filterproducts/sale_home_list has not been whitelisted.
2017-02-27T19:29:46+00:00 DEBUG (7): Security problem: filterproducts/featured_home_list has not been whitelisted.
2017-02-27T19:29:46+00:00 DEBUG (7): Security problem: filterproducts/newproduct_home_list has not been whitelisted.
2017-02-27T19:29:46+00:00 DEBUG (7): Security problem: filterproducts/bestsellers_home_list has not been whitelisted.
2017-02-27T19:29:46+00:00 DEBUG (7): Security problem: filterproducts/sale_home_list has not been whitelisted.
2017-02-27T19:34:15+00:00 DEBUG (7): Security problem: filterproducts/featured_home_list has not been whitelisted.
2017-02-27T19:34:15+00:00 DEBUG (7): Security problem: filterproducts/newproduct_home_list has not been whitelisted.
2017-02-27T19:34:15+00:00 DEBUG (7): Security problem: filterproducts/bestsellers_home_list has not been whitelisted.
2017-02-27T19:34:15+00:00 DEBUG (7): Security problem: filterproducts/sale_home_list has not been whitelisted.
2017-02-27T19:34:53+00:00 DEBUG (7): Security problem: filterproducts/featured_home_list has not been whitelisted.
2017-02-27T19:34:53+00:00 DEBUG (7): Security problem: filterproducts/newproduct_home_list has not been whitelisted.
2017-02-27T19:34:53+00:00 DEBUG (7): Security problem: filterproducts/bestsellers_home_list has not been whitelisted.
2017-02-27T19:34:53+00:00 DEBUG (7): Security problem: filterproducts/sale_home_list has not been whitelisted.
2017-02-27T19:36:06+00:00 DEBUG (7): Security problem: filterproducts/featured_home_list has not been whitelisted.
2017-02-27T19:36:06+00:00 DEBUG (7): Security problem: filterproducts/newproduct_home_list has not been whitelisted.
2017-02-27T19:36:06+00:00 DEBUG (7): Security problem: filterproducts/bestsellers_home_list has not been whitelisted.
2017-02-27T19:36:06+00:00 DEBUG (7): Security problem: filterproducts/sale_home_list has not been whitelisted.
2017-02-27T20:07:19+00:00 DEBUG (7): Security problem: filterproducts/featured_home_list has not been whitelisted.
2017-02-27T20:07:19+00:00 DEBUG (7): Security problem: filterproducts/newproduct_home_list has not been whitelisted.
2017-02-27T20:07:19+00:00 DEBUG (7): Security problem: filterproducts/bestsellers_home_list has not been whitelisted.
2017-02-27T20:07:19+00:00 DEBUG (7): Security problem: filterproducts/sale_home_list has not been whitelisted.
2017-02-27T20:17:19+00:00 DEBUG (7): Security problem: filterproducts/featured_home_list has not been whitelisted.
2017-02-27T20:17:19+00:00 DEBUG (7): Security problem: filterproducts/newproduct_home_list has not been whitelisted.
2017-02-27T20:17:19+00:00 DEBUG (7): Security problem: filterproducts/bestsellers_home_list has not been whitelisted.
2017-02-27T20:17:19+00:00 DEBUG (7): Security problem: filterproducts/sale_home_list has not been whitelisted.
